Copyright 1986-2021 Xilinx, Inc. All Rights Reserved.
-------------------------------------------------------------------------------------------
| Tool Version : Vivado v.2021.1 (lin64) Build 3247384 Thu Jun 10 19:36:07 MDT 2021
| Date         : Tue Jul 19 01:03:03 2022
| Host         : ypwangPC running 64-bit Ubuntu 20.04.4 LTS
| Command      : report_control_sets -verbose -file system_wrapper_control_sets_placed.rpt
| Design       : system_wrapper
| Device       : xc7z020
-------------------------------------------------------------------------------------------

Control Set Information

Table of Contents
-----------------
1. Summary
2. Histogram
3. Flip-Flop Distribution
4. Detailed Control Set Information

1. Summary
----------

+----------------------------------------------------------+-------+
|                          Status                          | Count |
+----------------------------------------------------------+-------+
| Total control sets                                       |   111 |
|    Minimum number of control sets                        |   111 |
|    Addition due to synthesis replication                 |     0 |
|    Addition due to physical synthesis replication        |     0 |
| Unused register locations in slices containing registers |   346 |
+----------------------------------------------------------+-------+
* Control sets can be merged at opt_design using control_set_merge or merge_equivalent_drivers
** Run report_qor_suggestions for automated merging and remapping suggestions


2. Histogram
------------

+--------------------+-------+
|       Fanout       | Count |
+--------------------+-------+
| Total control sets |   111 |
| >= 0 to < 4        |     4 |
| >= 4 to < 6        |    31 |
| >= 6 to < 8        |     1 |
| >= 8 to < 10       |    29 |
| >= 10 to < 12      |     5 |
| >= 12 to < 14      |     1 |
| >= 14 to < 16      |     5 |
| >= 16              |    35 |
+--------------------+-------+
* Control sets can be remapped at either synth_design or opt_design


3. Flip-Flop Distribution
-------------------------

+--------------+-----------------------+------------------------+-----------------+--------------+
| Clock Enable | Synchronous Set/Reset | Asynchronous Set/Reset | Total Registers | Total Slices |
+--------------+-----------------------+------------------------+-----------------+--------------+
| No           | No                    | No                     |             221 |           86 |
| No           | No                    | Yes                    |               0 |            0 |
| No           | Yes                   | No                     |             172 |           68 |
| Yes          | No                    | No                     |             693 |          200 |
| Yes          | No                    | Yes                    |               0 |            0 |
| Yes          | Yes                   | No                     |             424 |          111 |
+--------------+-----------------------+------------------------+-----------------+--------------+


4. Detailed Control Set Information
-----------------------------------

+----------------------------------------------------+-------------------------------------------------------------------------------------------------------------------------------------------------------------+----------------------------------------------------------------------------------------------------------------------------------------------------------------------------------------+------------------+----------------+--------------+
|                    Clock Signal                    |                                                                        Enable Signal                                                                        |                                                                                    Set/Reset Signal                                                                                    | Slice Load Count | Bel Load Count | Bels / Slice |
+----------------------------------------------------+-------------------------------------------------------------------------------------------------------------------------------------------------------------+----------------------------------------------------------------------------------------------------------------------------------------------------------------------------------------+------------------+----------------+--------------+
|  system_i/processing_system7_0/inst/FCLK_CLK0_BUFG | system_i/ps7_0_axi_periph/m00_couplers/auto_pc/inst/gen_axilite.gen_b2s_conv.axilite_b2s/RD.r_channel_0/r_push_r                                            |                                                                                                                                                                                        |                1 |              1 |         1.00 |
|  system_i/processing_system7_0/inst/FCLK_CLK0_BUFG | system_i/ps7_0_axi_periph/m02_couplers/auto_pc/inst/gen_axilite.gen_b2s_conv.axilite_b2s/RD.r_channel_0/r_push_r                                            |                                                                                                                                                                                        |                1 |              1 |         1.00 |
|  system_i/processing_system7_0/inst/FCLK_CLK0_BUFG | system_i/axi_bram_ctrl_0/U0/gext_inst.abcv4_0_ext_inst/GEN_AXI4.I_FULL_AXI/I_RD_CHNL/GEN_NO_RD_CMD_OPT.I_WRAP_BRST/E[1]                                     | system_i/axi_bram_ctrl_0/U0/gext_inst.abcv4_0_ext_inst/GEN_AXI4.I_FULL_AXI/I_WR_CHNL/I_WRAP_BRST/curr_fixed_burst_reg_reg[0]                                                           |                1 |              1 |         1.00 |
|  system_i/processing_system7_0/inst/FCLK_CLK0_BUFG | system_i/ps7_0_axi_periph/m01_couplers/auto_pc/inst/gen_axilite.gen_b2s_conv.axilite_b2s/RD.r_channel_0/r_push_r                                            |                                                                                                                                                                                        |                1 |              1 |         1.00 |
|  system_i/processing_system7_0/inst/FCLK_CLK0_BUFG | system_i/ps7_0_axi_periph/m02_couplers/auto_pc/inst/gen_axilite.gen_b2s_conv.axilite_b2s/RD.ar_channel_0/ar_cmd_fsm_0/E[0]                                  |                                                                                                                                                                                        |                1 |              4 |         4.00 |
|  system_i/processing_system7_0/inst/FCLK_CLK0_BUFG | system_i/axi_bram_ctrl_0/U0/gext_inst.abcv4_0_ext_inst/GEN_AXI4.I_FULL_AXI/I_RD_CHNL/FSM_sequential_GEN_NO_RD_CMD_OPT.rd_data_sm_cs[3]_i_1_n_0              | system_i/axi_bram_ctrl_0/U0/gext_inst.abcv4_0_ext_inst/GEN_AXI4.I_FULL_AXI/I_RD_CHNL/GEN_NO_RD_CMD_OPT.I_WRAP_BRST/SR[0]                                                               |                3 |              4 |         1.33 |
|  system_i/processing_system7_0/inst/FCLK_CLK0_BUFG | system_i/ps7_0_axi_periph/m02_couplers/auto_pc/inst/gen_axilite.gen_b2s_conv.axilite_b2s/WR.aw_channel_0/aw_cmd_fsm_0/FSM_sequential_state_reg[1]_3[0]      |                                                                                                                                                                                        |                2 |              4 |         2.00 |
|  system_i/processing_system7_0/inst/FCLK_CLK0_BUFG | system_i/switches/U0/AXI_LITE_IPIF_I/I_SLAVE_ATTACHMENT/bus2ip_addr_i[8]_i_1_n_0                                                                            | system_i/switches/U0/AXI_LITE_IPIF_I/I_SLAVE_ATTACHMENT/SR[0]                                                                                                                          |                1 |              4 |         4.00 |
|  system_i/processing_system7_0/inst/FCLK_CLK0_BUFG | system_i/switches/U0/AXI_LITE_IPIF_I/I_SLAVE_ATTACHMENT/start2                                                                                              | system_i/switches/U0/AXI_LITE_IPIF_I/I_SLAVE_ATTACHMENT/I_DECODER/cs_ce_clr                                                                                                            |                1 |              4 |         4.00 |
|  system_i/processing_system7_0/inst/FCLK_CLK0_BUFG | system_i/ps7_0_axi_periph/m02_couplers/auto_pc/inst/gen_axilite.gen_b2s_conv.axilite_b2s/WR.aw_channel_0/aw_cmd_fsm_0/b_push                                |                                                                                                                                                                                        |                1 |              4 |         4.00 |
|  system_i/processing_system7_0/inst/FCLK_CLK0_BUFG | system_i/ps7_0_axi_periph/m02_couplers/auto_pc/inst/gen_axilite.gen_b2s_conv.axilite_b2s/WR.aw_channel_0/cmd_translator_0/incr_cmd_0/axaddr_incr[3]_i_1_n_0 |                                                                                                                                                                                        |                2 |              4 |         2.00 |
|  system_i/processing_system7_0/inst/FCLK_CLK0_BUFG | system_i/ps7_0_axi_periph/m02_couplers/auto_pc/inst/gen_axilite.gen_b2s_conv.axilite_b2s/RD.ar_channel_0/ar_cmd_fsm_0/FSM_sequential_state_reg[1]_1[0]      |                                                                                                                                                                                        |                2 |              4 |         2.00 |
|  system_i/processing_system7_0/inst/FCLK_CLK0_BUFG |                                                                                                                                                             | system_i/switches/U0/AXI_LITE_IPIF_I/I_SLAVE_ATTACHMENT/clear                                                                                                                          |                1 |              4 |         4.00 |
|  system_i/processing_system7_0/inst/FCLK_CLK0_BUFG | system_i/buttons/U0/AXI_LITE_IPIF_I/I_SLAVE_ATTACHMENT/start2                                                                                               | system_i/buttons/U0/AXI_LITE_IPIF_I/I_SLAVE_ATTACHMENT/I_DECODER/cs_ce_clr                                                                                                             |                1 |              4 |         4.00 |
|  system_i/processing_system7_0/inst/FCLK_CLK0_BUFG | system_i/buttons/U0/AXI_LITE_IPIF_I/I_SLAVE_ATTACHMENT/I_DECODER/E[0]                                                                                       | system_i/buttons/U0/AXI_LITE_IPIF_I/I_SLAVE_ATTACHMENT/SR[0]                                                                                                                           |                1 |              4 |         4.00 |
|  system_i/processing_system7_0/inst/FCLK_CLK0_BUFG | system_i/buttons/U0/AXI_LITE_IPIF_I/I_SLAVE_ATTACHMENT/bus2ip_addr_i[8]_i_1_n_0                                                                             | system_i/buttons/U0/AXI_LITE_IPIF_I/I_SLAVE_ATTACHMENT/SR[0]                                                                                                                           |                1 |              4 |         4.00 |
|  system_i/processing_system7_0/inst/FCLK_CLK0_BUFG | system_i/axi_bram_ctrl_0/U0/gext_inst.abcv4_0_ext_inst/GEN_AXI4.I_FULL_AXI/I_WR_CHNL/wrdata_reg_ld                                                          | system_i/axi_bram_ctrl_0/U0/gext_inst.abcv4_0_ext_inst/GEN_AXI4.I_FULL_AXI/I_WR_CHNL/GEN_WR_NO_ECC.bram_we_int[3]_i_1_n_0                                                              |                1 |              4 |         4.00 |
|  system_i/processing_system7_0/inst/FCLK_CLK0_BUFG | system_i/ps7_0_axi_periph/m00_couplers/auto_pc/inst/gen_axilite.gen_b2s_conv.axilite_b2s/WR.aw_channel_0/aw_cmd_fsm_0/b_push                                |                                                                                                                                                                                        |                1 |              4 |         4.00 |
|  system_i/processing_system7_0/inst/FCLK_CLK0_BUFG | system_i/ps7_0_axi_periph/m01_couplers/auto_pc/inst/gen_axilite.gen_b2s_conv.axilite_b2s/WR.aw_channel_0/aw_cmd_fsm_0/b_push                                |                                                                                                                                                                                        |                1 |              4 |         4.00 |
|  system_i/processing_system7_0/inst/FCLK_CLK0_BUFG |                                                                                                                                                             | system_i/ps7_0_axi_periph/m00_couplers/auto_pc/inst/gen_axilite.gen_b2s_conv.axilite_b2s/SI_REG/aw.aw_pipe/aresetn_d_reg[0]_0                                                          |                3 |              4 |         1.33 |
|  system_i/processing_system7_0/inst/FCLK_CLK0_BUFG |                                                                                                                                                             | system_i/ps7_0_axi_periph/m01_couplers/auto_pc/inst/gen_axilite.gen_b2s_conv.axilite_b2s/SI_REG/aw.aw_pipe/aresetn_d_reg[1]_inv_0                                                      |                2 |              4 |         2.00 |
|  system_i/processing_system7_0/inst/FCLK_CLK0_BUFG |                                                                                                                                                             | system_i/ps7_0_axi_periph/m01_couplers/auto_pc/inst/gen_axilite.gen_b2s_conv.axilite_b2s/SI_REG/aw.aw_pipe/aresetn_d_reg[0]_0                                                          |                3 |              4 |         1.33 |
|  system_i/processing_system7_0/inst/FCLK_CLK0_BUFG |                                                                                                                                                             | system_i/ps7_0_axi_periph/m02_couplers/auto_pc/inst/gen_axilite.gen_b2s_conv.axilite_b2s/SI_REG/aw.aw_pipe/aresetn_d_reg[0]_0                                                          |                2 |              4 |         2.00 |
|  system_i/processing_system7_0/inst/FCLK_CLK0_BUFG |                                                                                                                                                             | system_i/ps7_0_axi_periph/m02_couplers/auto_pc/inst/gen_axilite.gen_b2s_conv.axilite_b2s/SI_REG/aw.aw_pipe/aresetn_d_reg[1]_inv_0                                                      |                2 |              4 |         2.00 |
|  system_i/processing_system7_0/inst/FCLK_CLK0_BUFG |                                                                                                                                                             | system_i/rst_ps7_0_100M/U0/EXT_LPF/lpf_int                                                                                                                                             |                1 |              4 |         4.00 |
|  system_i/processing_system7_0/inst/FCLK_CLK0_BUFG |                                                                                                                                                             | system_i/buttons/U0/AXI_LITE_IPIF_I/I_SLAVE_ATTACHMENT/clear                                                                                                                           |                1 |              4 |         4.00 |
|  system_i/processing_system7_0/inst/FCLK_CLK0_BUFG |                                                                                                                                                             | system_i/buttons/U0/AXI_LITE_IPIF_I/I_SLAVE_ATTACHMENT/I_DECODER/bus2ip_rnw_i_reg                                                                                                      |                1 |              4 |         4.00 |
|  system_i/processing_system7_0/inst/FCLK_CLK0_BUFG |                                                                                                                                                             | system_i/ps7_0_axi_periph/m00_couplers/auto_pc/inst/gen_axilite.gen_b2s_conv.axilite_b2s/SI_REG/aw.aw_pipe/aresetn_d_reg[1]_inv_0                                                      |                3 |              4 |         1.33 |
|  system_i/processing_system7_0/inst/FCLK_CLK0_BUFG | system_i/ps7_0_axi_periph/m02_couplers/auto_pc/inst/gen_axilite.gen_b2s_conv.axilite_b2s/RD.r_channel_0/transaction_fifo_0/cnt_read[4]_i_1__0_n_0           | system_i/ps7_0_axi_periph/m02_couplers/auto_pc/inst/gen_axilite.gen_b2s_conv.axilite_b2s/areset_d1                                                                                     |                2 |              5 |         2.50 |
|  system_i/processing_system7_0/inst/FCLK_CLK0_BUFG | system_i/ps7_0_axi_periph/m02_couplers/auto_pc/inst/gen_axilite.gen_b2s_conv.axilite_b2s/RD.r_channel_0/transaction_fifo_0/E[0]                             | system_i/ps7_0_axi_periph/m02_couplers/auto_pc/inst/gen_axilite.gen_b2s_conv.axilite_b2s/areset_d1                                                                                     |                2 |              5 |         2.50 |
|  system_i/processing_system7_0/inst/FCLK_CLK0_BUFG | system_i/ps7_0_axi_periph/m01_couplers/auto_pc/inst/gen_axilite.gen_b2s_conv.axilite_b2s/RD.r_channel_0/rd_data_fifo_0/cnt_read[4]_i_1_n_0                  | system_i/ps7_0_axi_periph/m01_couplers/auto_pc/inst/gen_axilite.gen_b2s_conv.axilite_b2s/areset_d1                                                                                     |                2 |              5 |         2.50 |
|  system_i/processing_system7_0/inst/FCLK_CLK0_BUFG | system_i/ps7_0_axi_periph/m01_couplers/auto_pc/inst/gen_axilite.gen_b2s_conv.axilite_b2s/RD.r_channel_0/rd_data_fifo_0/E[0]                                 | system_i/ps7_0_axi_periph/m01_couplers/auto_pc/inst/gen_axilite.gen_b2s_conv.axilite_b2s/areset_d1                                                                                     |                2 |              5 |         2.50 |
|  system_i/processing_system7_0/inst/FCLK_CLK0_BUFG | system_i/buttons/U0/AXI_LITE_IPIF_I/I_SLAVE_ATTACHMENT/s_axi_rresp_i                                                                                        | system_i/buttons/U0/AXI_LITE_IPIF_I/I_SLAVE_ATTACHMENT/SR[0]                                                                                                                           |                1 |              5 |         5.00 |
|  system_i/processing_system7_0/inst/FCLK_CLK0_BUFG | system_i/ps7_0_axi_periph/m00_couplers/auto_pc/inst/gen_axilite.gen_b2s_conv.axilite_b2s/RD.r_channel_0/rd_data_fifo_0/cnt_read[4]_i_1_n_0                  | system_i/ps7_0_axi_periph/m00_couplers/auto_pc/inst/gen_axilite.gen_b2s_conv.axilite_b2s/areset_d1                                                                                     |                1 |              5 |         5.00 |
|  system_i/processing_system7_0/inst/FCLK_CLK0_BUFG | system_i/ps7_0_axi_periph/m00_couplers/auto_pc/inst/gen_axilite.gen_b2s_conv.axilite_b2s/RD.r_channel_0/rd_data_fifo_0/E[0]                                 | system_i/ps7_0_axi_periph/m00_couplers/auto_pc/inst/gen_axilite.gen_b2s_conv.axilite_b2s/areset_d1                                                                                     |                2 |              5 |         2.50 |
|  system_i/processing_system7_0/inst/FCLK_CLK0_BUFG | system_i/rst_ps7_0_100M/U0/SEQ/seq_cnt_en                                                                                                                   | system_i/rst_ps7_0_100M/U0/SEQ/SEQ_COUNTER/clear                                                                                                                                       |                1 |              6 |         6.00 |
|  system_i/processing_system7_0/inst/FCLK_CLK0_BUFG | system_i/led_ip/inst/led_ip_v1_0_S_AXI_inst/slv_reg2[7]_i_1_n_0                                                                                             | system_i/led_ip/inst/led_ip_v1_0_S_AXI_inst/p_0_in                                                                                                                                     |                1 |              8 |         8.00 |
|  system_i/processing_system7_0/inst/FCLK_CLK0_BUFG | system_i/axi_bram_ctrl_0/U0/gext_inst.abcv4_0_ext_inst/GEN_AXI4.I_FULL_AXI/I_RD_CHNL/GEN_NO_RD_CMD_OPT.brst_cnt[7]_i_1_n_0                                  | system_i/axi_bram_ctrl_0/U0/gext_inst.abcv4_0_ext_inst/GEN_AXI4.I_FULL_AXI/I_RD_CHNL/GEN_NO_RD_CMD_OPT.I_WRAP_BRST/SR[0]                                                               |                5 |              8 |         1.60 |
|  system_i/processing_system7_0/inst/FCLK_CLK0_BUFG | system_i/led_ip/inst/led_ip_v1_0_S_AXI_inst/slv_reg2[31]_i_1_n_0                                                                                            | system_i/led_ip/inst/led_ip_v1_0_S_AXI_inst/p_0_in                                                                                                                                     |                1 |              8 |         8.00 |
|  system_i/processing_system7_0/inst/FCLK_CLK0_BUFG | system_i/led_ip/inst/led_ip_v1_0_S_AXI_inst/p_1_in[7]                                                                                                       | system_i/led_ip/inst/led_ip_v1_0_S_AXI_inst/p_0_in                                                                                                                                     |                1 |              8 |         8.00 |
|  system_i/processing_system7_0/inst/FCLK_CLK0_BUFG | system_i/led_ip/inst/led_ip_v1_0_S_AXI_inst/p_1_in[15]                                                                                                      | system_i/led_ip/inst/led_ip_v1_0_S_AXI_inst/p_0_in                                                                                                                                     |                1 |              8 |         8.00 |
|  system_i/processing_system7_0/inst/FCLK_CLK0_BUFG | system_i/led_ip/inst/led_ip_v1_0_S_AXI_inst/p_1_in[23]                                                                                                      | system_i/led_ip/inst/led_ip_v1_0_S_AXI_inst/p_0_in                                                                                                                                     |                1 |              8 |         8.00 |
|  system_i/processing_system7_0/inst/FCLK_CLK0_BUFG | system_i/ps7_0_axi_periph/m00_couplers/auto_pc/inst/gen_axilite.gen_b2s_conv.axilite_b2s/WR.b_channel_0/mhandshake_r                                        | system_i/ps7_0_axi_periph/m00_couplers/auto_pc/inst/gen_axilite.gen_b2s_conv.axilite_b2s/WR.b_channel_0/bid_fifo_0/SR[0]                                                               |                2 |              8 |         4.00 |
|  system_i/processing_system7_0/inst/FCLK_CLK0_BUFG | system_i/ps7_0_axi_periph/m01_couplers/auto_pc/inst/gen_axilite.gen_b2s_conv.axilite_b2s/WR.b_channel_0/mhandshake_r                                        | system_i/ps7_0_axi_periph/m01_couplers/auto_pc/inst/gen_axilite.gen_b2s_conv.axilite_b2s/WR.b_channel_0/bid_fifo_0/SR[0]                                                               |                3 |              8 |         2.67 |
|  system_i/processing_system7_0/inst/FCLK_CLK0_BUFG | system_i/led_ip/inst/led_ip_v1_0_S_AXI_inst/slv_reg2[23]_i_1_n_0                                                                                            | system_i/led_ip/inst/led_ip_v1_0_S_AXI_inst/p_0_in                                                                                                                                     |                2 |              8 |         4.00 |
|  system_i/processing_system7_0/inst/FCLK_CLK0_BUFG | system_i/led_ip/inst/led_ip_v1_0_S_AXI_inst/slv_reg2[15]_i_1_n_0                                                                                            | system_i/led_ip/inst/led_ip_v1_0_S_AXI_inst/p_0_in                                                                                                                                     |                2 |              8 |         4.00 |
|  system_i/processing_system7_0/inst/FCLK_CLK0_BUFG | system_i/led_ip/inst/led_ip_v1_0_S_AXI_inst/slv_reg1[7]_i_1_n_0                                                                                             | system_i/led_ip/inst/led_ip_v1_0_S_AXI_inst/p_0_in                                                                                                                                     |                1 |              8 |         8.00 |
|  system_i/processing_system7_0/inst/FCLK_CLK0_BUFG | system_i/led_ip/inst/led_ip_v1_0_S_AXI_inst/slv_reg1[31]_i_1_n_0                                                                                            | system_i/led_ip/inst/led_ip_v1_0_S_AXI_inst/p_0_in                                                                                                                                     |                2 |              8 |         4.00 |
|  system_i/processing_system7_0/inst/FCLK_CLK0_BUFG | system_i/led_ip/inst/led_ip_v1_0_S_AXI_inst/slv_reg1[23]_i_1_n_0                                                                                            | system_i/led_ip/inst/led_ip_v1_0_S_AXI_inst/p_0_in                                                                                                                                     |                2 |              8 |         4.00 |
|  system_i/processing_system7_0/inst/FCLK_CLK0_BUFG | system_i/led_ip/inst/led_ip_v1_0_S_AXI_inst/slv_reg1[15]_i_1_n_0                                                                                            | system_i/led_ip/inst/led_ip_v1_0_S_AXI_inst/p_0_in                                                                                                                                     |                1 |              8 |         8.00 |
|  system_i/processing_system7_0/inst/FCLK_CLK0_BUFG | system_i/led_ip/inst/led_ip_v1_0_S_AXI_inst/slv_reg0[7]_i_1_n_0                                                                                             | system_i/led_ip/inst/led_ip_v1_0_S_AXI_inst/p_0_in                                                                                                                                     |                1 |              8 |         8.00 |
|  system_i/processing_system7_0/inst/FCLK_CLK0_BUFG | system_i/led_ip/inst/led_ip_v1_0_S_AXI_inst/slv_reg0[31]_i_1_n_0                                                                                            | system_i/led_ip/inst/led_ip_v1_0_S_AXI_inst/p_0_in                                                                                                                                     |                1 |              8 |         8.00 |
|  system_i/processing_system7_0/inst/FCLK_CLK0_BUFG | system_i/led_ip/inst/led_ip_v1_0_S_AXI_inst/slv_reg0[23]_i_1_n_0                                                                                            | system_i/led_ip/inst/led_ip_v1_0_S_AXI_inst/p_0_in                                                                                                                                     |                1 |              8 |         8.00 |
|  system_i/processing_system7_0/inst/FCLK_CLK0_BUFG | system_i/led_ip/inst/led_ip_v1_0_S_AXI_inst/slv_reg0[15]_i_1_n_0                                                                                            | system_i/led_ip/inst/led_ip_v1_0_S_AXI_inst/p_0_in                                                                                                                                     |                1 |              8 |         8.00 |
|  system_i/processing_system7_0/inst/FCLK_CLK0_BUFG | system_i/ps7_0_axi_periph/m02_couplers/auto_pc/inst/gen_axilite.gen_b2s_conv.axilite_b2s/WR.b_channel_0/mhandshake_r                                        | system_i/ps7_0_axi_periph/m02_couplers/auto_pc/inst/gen_axilite.gen_b2s_conv.axilite_b2s/WR.b_channel_0/bid_fifo_0/SR[0]                                                               |                3 |              8 |         2.67 |
|  system_i/processing_system7_0/inst/FCLK_CLK0_BUFG | system_i/led_ip/inst/led_ip_v1_0_S_AXI_inst/p_1_in[31]                                                                                                      | system_i/led_ip/inst/led_ip_v1_0_S_AXI_inst/p_0_in                                                                                                                                     |                1 |              8 |         8.00 |
|  system_i/processing_system7_0/inst/FCLK_CLK0_BUFG | system_i/ps7_0_axi_periph/xbar/inst/gen_sasd.crossbar_sasd_0/gen_decerr.decerr_slave_inst/gen_axi.read_cnt[7]_i_1_n_0                                       | system_i/ps7_0_axi_periph/xbar/inst/gen_sasd.crossbar_sasd_0/addr_arbiter_inst/SR[0]                                                                                                   |                4 |              8 |         2.00 |
|  system_i/processing_system7_0/inst/FCLK_CLK0_BUFG | system_i/ps7_0_axi_periph/m01_couplers/auto_pc/inst/gen_axilite.gen_b2s_conv.axilite_b2s/WR.aw_channel_0/aw_cmd_fsm_0/E[0]                                  |                                                                                                                                                                                        |                4 |              9 |         2.25 |
|  system_i/processing_system7_0/inst/FCLK_CLK0_BUFG | system_i/ps7_0_axi_periph/m00_couplers/auto_pc/inst/gen_axilite.gen_b2s_conv.axilite_b2s/WR.aw_channel_0/aw_cmd_fsm_0/E[0]                                  |                                                                                                                                                                                        |                4 |              9 |         2.25 |
|  system_i/processing_system7_0/inst/FCLK_CLK0_BUFG | system_i/ps7_0_axi_periph/m01_couplers/auto_pc/inst/gen_axilite.gen_b2s_conv.axilite_b2s/WR.aw_channel_0/cmd_translator_0/incr_cmd_0/axaddr_incr[8]_i_1_n_0 |                                                                                                                                                                                        |                3 |              9 |         3.00 |
|  system_i/processing_system7_0/inst/FCLK_CLK0_BUFG | system_i/ps7_0_axi_periph/m00_couplers/auto_pc/inst/gen_axilite.gen_b2s_conv.axilite_b2s/RD.ar_channel_0/ar_cmd_fsm_0/E[0]                                  |                                                                                                                                                                                        |                2 |              9 |         4.50 |
|  system_i/processing_system7_0/inst/FCLK_CLK0_BUFG | system_i/ps7_0_axi_periph/m01_couplers/auto_pc/inst/gen_axilite.gen_b2s_conv.axilite_b2s/RD.ar_channel_0/ar_cmd_fsm_0/FSM_sequential_state_reg[1]_2[0]      |                                                                                                                                                                                        |                5 |              9 |         1.80 |
|  system_i/processing_system7_0/inst/FCLK_CLK0_BUFG | system_i/ps7_0_axi_periph/m01_couplers/auto_pc/inst/gen_axilite.gen_b2s_conv.axilite_b2s/RD.ar_channel_0/ar_cmd_fsm_0/E[0]                                  |                                                                                                                                                                                        |                3 |              9 |         3.00 |
|  system_i/processing_system7_0/inst/FCLK_CLK0_BUFG | system_i/ps7_0_axi_periph/m00_couplers/auto_pc/inst/gen_axilite.gen_b2s_conv.axilite_b2s/RD.ar_channel_0/ar_cmd_fsm_0/FSM_sequential_state_reg[1]_2[0]      |                                                                                                                                                                                        |                6 |              9 |         1.50 |
|  system_i/processing_system7_0/inst/FCLK_CLK0_BUFG | system_i/ps7_0_axi_periph/m00_couplers/auto_pc/inst/gen_axilite.gen_b2s_conv.axilite_b2s/WR.aw_channel_0/cmd_translator_0/incr_cmd_0/axaddr_incr[8]_i_1_n_0 |                                                                                                                                                                                        |                2 |              9 |         4.50 |
|  system_i/processing_system7_0/inst/FCLK_CLK0_BUFG |                                                                                                                                                             | system_i/ps7_0_axi_periph/m00_couplers/auto_pc/inst/gen_axilite.gen_b2s_conv.axilite_b2s/areset_d1                                                                                     |                4 |             10 |         2.50 |
|  system_i/processing_system7_0/inst/FCLK_CLK0_BUFG | system_i/axi_bram_ctrl_0/U0/gext_inst.abcv4_0_ext_inst/GEN_AXI4.I_FULL_AXI/I_RD_CHNL/GEN_NO_RD_CMD_OPT.I_WRAP_BRST/E[0]                                     | system_i/axi_bram_ctrl_0/U0/gext_inst.abcv4_0_ext_inst/GEN_AXI4.I_FULL_AXI/I_WR_CHNL/I_WRAP_BRST/curr_fixed_burst_reg_reg[0]                                                           |                5 |             10 |         2.00 |
|  system_i/processing_system7_0/inst/FCLK_CLK0_BUFG |                                                                                                                                                             | system_i/led_ip/inst/led_ip_v1_0_S_AXI_inst/p_0_in                                                                                                                                     |                4 |             10 |         2.50 |
|  system_i/processing_system7_0/inst/FCLK_CLK0_BUFG |                                                                                                                                                             | system_i/ps7_0_axi_periph/m02_couplers/auto_pc/inst/gen_axilite.gen_b2s_conv.axilite_b2s/areset_d1                                                                                     |                4 |             10 |         2.50 |
|  system_i/processing_system7_0/inst/FCLK_CLK0_BUFG |                                                                                                                                                             | system_i/ps7_0_axi_periph/m01_couplers/auto_pc/inst/gen_axilite.gen_b2s_conv.axilite_b2s/areset_d1                                                                                     |                4 |             10 |         2.50 |
|  system_i/processing_system7_0/inst/FCLK_CLK0_BUFG | system_i/axi_bram_ctrl_0/U0/gext_inst.abcv4_0_ext_inst/GEN_AXI4.I_FULL_AXI/GEN_ARB.I_SNG_PORT/E[0]                                                          | system_i/axi_bram_ctrl_0/U0/gext_inst.abcv4_0_ext_inst/GEN_AXI4.I_FULL_AXI/I_RD_CHNL/GEN_NO_RD_CMD_OPT.I_WRAP_BRST/SR[0]                                                               |                5 |             13 |         2.60 |
|  system_i/processing_system7_0/inst/FCLK_CLK0_BUFG | system_i/axi_bram_ctrl_0/U0/gext_inst.abcv4_0_ext_inst/GEN_AXI4.I_FULL_AXI/GEN_ARB.I_SNG_PORT/ar_active_re                                                  | system_i/axi_bram_ctrl_0/U0/gext_inst.abcv4_0_ext_inst/GEN_AXI4.I_FULL_AXI/I_RD_CHNL/GEN_NO_RD_CMD_OPT.I_WRAP_BRST/SR[0]                                                               |                5 |             15 |         3.00 |
|  system_i/processing_system7_0/inst/FCLK_CLK0_BUFG | system_i/ps7_0_axi_periph/m02_couplers/auto_pc/inst/gen_axilite.gen_b2s_conv.axilite_b2s/SI_REG/aw.aw_pipe/s_ready_i_reg_0                                  |                                                                                                                                                                                        |                5 |             15 |         3.00 |
|  system_i/processing_system7_0/inst/FCLK_CLK0_BUFG | system_i/ps7_0_axi_periph/m02_couplers/auto_pc/inst/gen_axilite.gen_b2s_conv.axilite_b2s/SI_REG/ar.ar_pipe/s_ready_i_reg_0                                  |                                                                                                                                                                                        |                2 |             15 |         7.50 |
|  system_i/processing_system7_0/inst/FCLK_CLK0_BUFG | system_i/ps7_0_axi_periph/m02_couplers/auto_pc/inst/gen_axilite.gen_b2s_conv.axilite_b2s/WR.aw_channel_0/aw_cmd_fsm_0/m_valid_i_reg[0]                      |                                                                                                                                                                                        |                3 |             15 |         5.00 |
|  system_i/processing_system7_0/inst/FCLK_CLK0_BUFG | system_i/ps7_0_axi_periph/m02_couplers/auto_pc/inst/gen_axilite.gen_b2s_conv.axilite_b2s/RD.ar_channel_0/ar_cmd_fsm_0/FSM_sequential_state_reg[1]_2[0]      |                                                                                                                                                                                        |                3 |             15 |         5.00 |
|  system_i/processing_system7_0/inst/FCLK_CLK0_BUFG | system_i/ps7_0_axi_periph/xbar/inst/gen_sasd.crossbar_sasd_0/reg_slice_r/aa_rready                                                                          |                                                                                                                                                                                        |                2 |             16 |         8.00 |
|  system_i/processing_system7_0/inst/FCLK_CLK0_BUFG | system_i/ps7_0_axi_periph/m01_couplers/auto_pc/inst/gen_axilite.gen_b2s_conv.axilite_b2s/RD.ar_channel_0/ar_cmd_fsm_0/FSM_sequential_state_reg[1]_3[0]      |                                                                                                                                                                                        |                3 |             17 |         5.67 |
|  system_i/processing_system7_0/inst/FCLK_CLK0_BUFG | system_i/ps7_0_axi_periph/m00_couplers/auto_pc/inst/gen_axilite.gen_b2s_conv.axilite_b2s/WR.aw_channel_0/aw_cmd_fsm_0/m_valid_i_reg[0]                      |                                                                                                                                                                                        |                5 |             17 |         3.40 |
|  system_i/processing_system7_0/inst/FCLK_CLK0_BUFG | system_i/ps7_0_axi_periph/m00_couplers/auto_pc/inst/gen_axilite.gen_b2s_conv.axilite_b2s/SI_REG/ar.ar_pipe/s_ready_i_reg_0                                  |                                                                                                                                                                                        |                6 |             17 |         2.83 |
|  system_i/processing_system7_0/inst/FCLK_CLK0_BUFG | system_i/ps7_0_axi_periph/m00_couplers/auto_pc/inst/gen_axilite.gen_b2s_conv.axilite_b2s/SI_REG/aw.aw_pipe/s_ready_i_reg_0                                  |                                                                                                                                                                                        |                7 |             17 |         2.43 |
|  system_i/processing_system7_0/inst/FCLK_CLK0_BUFG | system_i/ps7_0_axi_periph/m01_couplers/auto_pc/inst/gen_axilite.gen_b2s_conv.axilite_b2s/WR.aw_channel_0/aw_cmd_fsm_0/m_valid_i_reg[0]                      |                                                                                                                                                                                        |                3 |             17 |         5.67 |
|  system_i/processing_system7_0/inst/FCLK_CLK0_BUFG | system_i/ps7_0_axi_periph/m00_couplers/auto_pc/inst/gen_axilite.gen_b2s_conv.axilite_b2s/RD.ar_channel_0/ar_cmd_fsm_0/FSM_sequential_state_reg[1]_3[0]      |                                                                                                                                                                                        |                6 |             17 |         2.83 |
|  system_i/processing_system7_0/inst/FCLK_CLK0_BUFG | system_i/ps7_0_axi_periph/m01_couplers/auto_pc/inst/gen_axilite.gen_b2s_conv.axilite_b2s/SI_REG/ar.ar_pipe/s_ready_i_reg_0                                  |                                                                                                                                                                                        |                4 |             17 |         4.25 |
|  system_i/processing_system7_0/inst/FCLK_CLK0_BUFG | system_i/ps7_0_axi_periph/m01_couplers/auto_pc/inst/gen_axilite.gen_b2s_conv.axilite_b2s/SI_REG/aw.aw_pipe/s_ready_i_reg_0                                  |                                                                                                                                                                                        |                4 |             17 |         4.25 |
|  system_i/processing_system7_0/inst/FCLK_CLK0_BUFG | system_i/ps7_0_axi_periph/m02_couplers/auto_pc/inst/gen_axilite.gen_b2s_conv.axilite_b2s/RD.ar_channel_0/ar_cmd_fsm_0/m_valid_i_reg[0]                      |                                                                                                                                                                                        |                7 |             18 |         2.57 |
|  system_i/processing_system7_0/inst/FCLK_CLK0_BUFG |                                                                                                                                                             | system_i/ps7_0_axi_periph/xbar/inst/gen_sasd.crossbar_sasd_0/addr_arbiter_inst/SR[0]                                                                                                   |                6 |             18 |         3.00 |
|  system_i/processing_system7_0/inst/FCLK_CLK0_BUFG | system_i/ps7_0_axi_periph/m02_couplers/auto_pc/inst/gen_axilite.gen_b2s_conv.axilite_b2s/WR.aw_channel_0/aw_cmd_fsm_0/E[0]                                  |                                                                                                                                                                                        |                7 |             18 |         2.57 |
|  system_i/processing_system7_0/inst/FCLK_CLK0_BUFG |                                                                                                                                                             | system_i/buttons/U0/AXI_LITE_IPIF_I/I_SLAVE_ATTACHMENT/SR[0]                                                                                                                           |                6 |             20 |         3.33 |
|  system_i/processing_system7_0/inst/FCLK_CLK0_BUFG | system_i/ps7_0_axi_periph/m01_couplers/auto_pc/inst/gen_axilite.gen_b2s_conv.axilite_b2s/RD.ar_channel_0/ar_cmd_fsm_0/m_valid_i_reg[0]                      |                                                                                                                                                                                        |               10 |             23 |         2.30 |
|  system_i/processing_system7_0/inst/FCLK_CLK0_BUFG | system_i/ps7_0_axi_periph/m01_couplers/auto_pc/inst/gen_axilite.gen_b2s_conv.axilite_b2s/WR.aw_channel_0/aw_cmd_fsm_0/FSM_sequential_state_reg[0]_0[0]      |                                                                                                                                                                                        |               10 |             23 |         2.30 |
|  system_i/processing_system7_0/inst/FCLK_CLK0_BUFG |                                                                                                                                                             | system_i/switches/U0/AXI_LITE_IPIF_I/I_SLAVE_ATTACHMENT/SR[0]                                                                                                                          |                6 |             23 |         3.83 |
|  system_i/processing_system7_0/inst/FCLK_CLK0_BUFG | system_i/ps7_0_axi_periph/m00_couplers/auto_pc/inst/gen_axilite.gen_b2s_conv.axilite_b2s/WR.aw_channel_0/aw_cmd_fsm_0/FSM_sequential_state_reg[0]_0[0]      |                                                                                                                                                                                        |                8 |             23 |         2.88 |
|  system_i/processing_system7_0/inst/FCLK_CLK0_BUFG | system_i/ps7_0_axi_periph/m00_couplers/auto_pc/inst/gen_axilite.gen_b2s_conv.axilite_b2s/RD.ar_channel_0/ar_cmd_fsm_0/m_valid_i_reg[0]                      |                                                                                                                                                                                        |               10 |             23 |         2.30 |
|  system_i/processing_system7_0/inst/FCLK_CLK0_BUFG |                                                                                                                                                             | system_i/axi_bram_ctrl_0/U0/gext_inst.abcv4_0_ext_inst/GEN_AXI4.I_FULL_AXI/I_RD_CHNL/GEN_NO_RD_CMD_OPT.I_WRAP_BRST/SR[0]                                                               |               15 |             31 |         2.07 |
|  system_i/processing_system7_0/inst/FCLK_CLK0_BUFG | system_i/ps7_0_axi_periph/m01_couplers/auto_pc/inst/gen_axilite.gen_b2s_conv.axilite_b2s/RD.r_channel_0/rd_data_fifo_0/wr_en0                               |                                                                                                                                                                                        |               10 |             32 |         3.20 |
|  system_i/processing_system7_0/inst/FCLK_CLK0_BUFG | system_i/ps7_0_axi_periph/m00_couplers/auto_pc/inst/gen_axilite.gen_b2s_conv.axilite_b2s/RD.r_channel_0/rd_data_fifo_0/wr_en0                               |                                                                                                                                                                                        |                9 |             32 |         3.56 |
|  system_i/processing_system7_0/inst/FCLK_CLK0_BUFG | system_i/axi_bram_ctrl_0/U0/gext_inst.abcv4_0_ext_inst/GEN_AXI4.I_FULL_AXI/I_WR_CHNL/wrdata_reg_ld                                                          |                                                                                                                                                                                        |                7 |             32 |         4.57 |
|  system_i/processing_system7_0/inst/FCLK_CLK0_BUFG | system_i/led_ip/inst/led_ip_v1_0_S_AXI_inst/slv_reg_rden__0                                                                                                 | system_i/led_ip/inst/led_ip_v1_0_S_AXI_inst/p_0_in                                                                                                                                     |                9 |             32 |         3.56 |
|  system_i/processing_system7_0/inst/FCLK_CLK0_BUFG | system_i/ps7_0_axi_periph/m02_couplers/auto_pc/inst/gen_axilite.gen_b2s_conv.axilite_b2s/RD.r_channel_0/rd_data_fifo_0/wr_en0                               |                                                                                                                                                                                        |                9 |             32 |         3.56 |
|  system_i/processing_system7_0/inst/FCLK_CLK0_BUFG | system_i/axi_bram_ctrl_0/U0/gext_inst.abcv4_0_ext_inst/GEN_AXI4.I_FULL_AXI/I_RD_CHNL/axi_rdata_en                                                           | system_i/axi_bram_ctrl_0/U0/gext_inst.abcv4_0_ext_inst/GEN_AXI4.I_FULL_AXI/I_RD_CHNL/GEN_NO_RD_CMD_OPT.GEN_RDATA_NO_ECC.GEN_RDATA_NO_RL_NO_ECC.GEN_RDATA[31].axi_rdata_int[31]_i_1_n_0 |                6 |             32 |         5.33 |
|  system_i/processing_system7_0/inst/FCLK_CLK0_BUFG | system_i/axi_bram_ctrl_0/U0/gext_inst.abcv4_0_ext_inst/GEN_AXI4.I_FULL_AXI/I_RD_CHNL/rd_skid_buf_ld                                                         | system_i/axi_bram_ctrl_0/U0/gext_inst.abcv4_0_ext_inst/GEN_AXI4.I_FULL_AXI/I_RD_CHNL/GEN_NO_RD_CMD_OPT.I_WRAP_BRST/SR[0]                                                               |                6 |             32 |         5.33 |
|  system_i/processing_system7_0/inst/FCLK_CLK0_BUFG | system_i/ps7_0_axi_periph/m00_couplers/auto_pc/inst/gen_axilite.gen_b2s_conv.axilite_b2s/SI_REG/r.r_pipe/p_1_in                                             |                                                                                                                                                                                        |                7 |             33 |         4.71 |
|  system_i/processing_system7_0/inst/FCLK_CLK0_BUFG | system_i/ps7_0_axi_periph/m00_couplers/auto_pc/inst/gen_axilite.gen_b2s_conv.axilite_b2s/SI_REG/r.r_pipe/s_ready_i_reg_0                                    |                                                                                                                                                                                        |                7 |             33 |         4.71 |
|  system_i/processing_system7_0/inst/FCLK_CLK0_BUFG | system_i/ps7_0_axi_periph/m02_couplers/auto_pc/inst/gen_axilite.gen_b2s_conv.axilite_b2s/SI_REG/r.r_pipe/s_ready_i_reg_0                                    |                                                                                                                                                                                        |                7 |             33 |         4.71 |
|  system_i/processing_system7_0/inst/FCLK_CLK0_BUFG | system_i/ps7_0_axi_periph/m02_couplers/auto_pc/inst/gen_axilite.gen_b2s_conv.axilite_b2s/SI_REG/r.r_pipe/p_1_in                                             |                                                                                                                                                                                        |               10 |             33 |         3.30 |
|  system_i/processing_system7_0/inst/FCLK_CLK0_BUFG | system_i/ps7_0_axi_periph/m01_couplers/auto_pc/inst/gen_axilite.gen_b2s_conv.axilite_b2s/SI_REG/r.r_pipe/s_ready_i_reg_0                                    |                                                                                                                                                                                        |                7 |             33 |         4.71 |
|  system_i/processing_system7_0/inst/FCLK_CLK0_BUFG | system_i/ps7_0_axi_periph/m01_couplers/auto_pc/inst/gen_axilite.gen_b2s_conv.axilite_b2s/SI_REG/r.r_pipe/p_1_in                                             |                                                                                                                                                                                        |                9 |             33 |         3.67 |
|  system_i/processing_system7_0/inst/FCLK_CLK0_BUFG | system_i/ps7_0_axi_periph/xbar/inst/gen_sasd.crossbar_sasd_0/addr_arbiter_inst/E[0]                                                                         |                                                                                                                                                                                        |                5 |             35 |         7.00 |
|  system_i/processing_system7_0/inst/FCLK_CLK0_BUFG | system_i/ps7_0_axi_periph/xbar/inst/gen_sasd.crossbar_sasd_0/addr_arbiter_inst/p_0_in1_in                                                                   | system_i/ps7_0_axi_periph/xbar/inst/gen_sasd.crossbar_sasd_0/addr_arbiter_inst/SR[0]                                                                                                   |               15 |             52 |         3.47 |
|  system_i/processing_system7_0/inst/FCLK_CLK0_BUFG |                                                                                                                                                             |                                                                                                                                                                                        |               87 |            223 |         2.56 |
+----------------------------------------------------+-------------------------------------------------------------------------------------------------------------------------------------------------------------+----------------------------------------------------------------------------------------------------------------------------------------------------------------------------------------+------------------+----------------+--------------+


