#-----------------------------------------------------------
# Vivado v2021.1 (64-bit)
# SW Build 3247384 on Thu Jun 10 19:36:07 MDT 2021
# IP Build 3246043 on Fri Jun 11 00:30:35 MDT 2021
# Start of session at: Sat Jul  9 22:17:34 2022
# Process ID: 55176
# Current directory: /home/ypwang/project_code/Xilinx_Summer_School
# Command line: vivado
# Log file: /home/ypwang/project_code/Xilinx_Summer_School/vivado.log
# Journal file: /home/ypwang/project_code/Xilinx_Summer_School/vivado.jou
#-----------------------------------------------------------
ERROR: [Common 17-577] Internal error:  "parts/xilinx/devint/vault/", not found under data area.

Could not load library 'librdi_coretasks' needed by 'core', please check installation.
    while executing
"error "$result\nCould not load library '$library' needed by '$feature', please check installation.""
    (procedure "rdi::load_library" line 4)
    invoked from within
"rdi::load_library core librdi_coretasks"
    (file "/home/ypwang/software/Vivado/2021.1/lib/scripts/rdi/features/core/core.tcl" line 6)
ERROR: [Common 17-217] Failed to load feature 'core'.
INFO: [Common 17-206] Exiting Vivado at Sat Jul  9 22:17:37 2022...
